\BOOKMARK [0][-]{chapter.1}{\376\377\000T\000h\000e\000\040\000w\000a\000y\000\040\000o\000f\000\040\000t\000h\000e\000\040\000p\000r\000o\000g\000r\000a\000m}{}% 1
\BOOKMARK [1][-]{section.1.1}{\376\377\000W\000h\000a\000t\000\040\000i\000s\000\040\000a\000\040\000p\000r\000o\000g\000r\000a\000m\000m\000i\000n\000g\000\040\000l\000a\000n\000g\000u\000a\000g\000e\000?}{chapter.1}% 2
\BOOKMARK [1][-]{section.1.2}{\376\377\000W\000h\000a\000t\000\040\000i\000s\000\040\000a\000\040\000p\000r\000o\000g\000r\000a\000m\000?}{chapter.1}% 3
\BOOKMARK [1][-]{section.1.3}{\376\377\000W\000h\000a\000t\000\040\000i\000s\000\040\000d\000e\000b\000u\000g\000g\000i\000n\000g\000?}{chapter.1}% 4
\BOOKMARK [2][-]{subsection.1.3.1}{\376\377\000C\000o\000m\000p\000i\000l\000e\000-\000t\000i\000m\000e\000\040\000e\000r\000r\000o\000r\000s}{section.1.3}% 5
\BOOKMARK [2][-]{subsection.1.3.2}{\376\377\000R\000u\000n\000-\000t\000i\000m\000e\000\040\000e\000r\000r\000o\000r\000s}{section.1.3}% 6
\BOOKMARK [2][-]{subsection.1.3.3}{\376\377\000L\000o\000g\000i\000c\000\040\000e\000r\000r\000o\000r\000s\000\040\000a\000n\000d\000\040\000s\000e\000m\000a\000n\000t\000i\000c\000s}{section.1.3}% 7
\BOOKMARK [2][-]{subsection.1.3.4}{\376\377\000E\000x\000p\000e\000r\000i\000m\000e\000n\000t\000a\000l\000\040\000d\000e\000b\000u\000g\000g\000i\000n\000g}{section.1.3}% 8
\BOOKMARK [1][-]{section.1.4}{\376\377\000F\000o\000r\000m\000a\000l\000\040\000a\000n\000d\000\040\000n\000a\000t\000u\000r\000a\000l\000\040\000l\000a\000n\000g\000u\000a\000g\000e\000s}{chapter.1}% 9
\BOOKMARK [1][-]{section.1.5}{\376\377\000T\000h\000e\000\040\000f\000i\000r\000s\000t\000\040\000p\000r\000o\000g\000r\000a\000m}{chapter.1}% 10
\BOOKMARK [1][-]{section.1.6}{\376\377\000G\000l\000o\000s\000s\000a\000r\000y}{chapter.1}% 11
\BOOKMARK [0][-]{chapter.2}{\376\377\000V\000a\000r\000i\000a\000b\000l\000e\000s\000\040\000a\000n\000d\000\040\000t\000y\000p\000e\000s}{}% 12
\BOOKMARK [1][-]{section.2.1}{\376\377\000M\000o\000r\000e\000\040\000o\000u\000t\000p\000u\000t}{chapter.2}% 13
\BOOKMARK [1][-]{section.2.2}{\376\377\000V\000a\000l\000u\000e\000s}{chapter.2}% 14
\BOOKMARK [1][-]{section.2.3}{\376\377\000V\000a\000r\000i\000a\000b\000l\000e\000s}{chapter.2}% 15
\BOOKMARK [1][-]{section.2.4}{\376\377\000A\000s\000s\000i\000g\000n\000m\000e\000n\000t}{chapter.2}% 16
\BOOKMARK [1][-]{section.2.5}{\376\377\000O\000u\000t\000p\000u\000t\000t\000i\000n\000g\000\040\000v\000a\000r\000i\000a\000b\000l\000e\000s}{chapter.2}% 17
\BOOKMARK [1][-]{section.2.6}{\376\377\000K\000e\000y\000w\000o\000r\000d\000s}{chapter.2}% 18
\BOOKMARK [1][-]{section.2.7}{\376\377\000O\000p\000e\000r\000a\000t\000o\000r\000s}{chapter.2}% 19
\BOOKMARK [1][-]{section.2.8}{\376\377\000O\000r\000d\000e\000r\000\040\000o\000f\000\040\000o\000p\000e\000r\000a\000t\000i\000o\000n\000s}{chapter.2}% 20
\BOOKMARK [1][-]{section.2.9}{\376\377\000O\000p\000e\000r\000a\000t\000o\000r\000s\000\040\000f\000o\000r\000\040\000c\000h\000a\000r\000a\000c\000t\000e\000r\000s}{chapter.2}% 21
\BOOKMARK [1][-]{section.2.10}{\376\377\000C\000o\000m\000p\000o\000s\000i\000t\000i\000o\000n}{chapter.2}% 22
\BOOKMARK [1][-]{section.2.11}{\376\377\000G\000l\000o\000s\000s\000a\000r\000y}{chapter.2}% 23
\BOOKMARK [0][-]{chapter.3}{\376\377\000F\000u\000n\000c\000t\000i\000o\000n}{}% 24
\BOOKMARK [1][-]{section.3.1}{\376\377\000F\000l\000o\000a\000t\000i\000n\000g\000-\000p\000o\000i\000n\000t}{chapter.3}% 25
\BOOKMARK [1][-]{section.3.2}{\376\377\000C\000o\000n\000v\000e\000r\000t\000i\000n\000g\000\040\000f\000r\000o\000m\000\040\000d\000o\000u\000b\000l\000e\000\040\000t\000o\000\040\000i\000n\000t}{chapter.3}% 26
\BOOKMARK [1][-]{section.3.3}{\376\377\000M\000a\000t\000h\000\040\000f\000u\000n\000c\000t\000i\000o\000n\000s}{chapter.3}% 27
\BOOKMARK [1][-]{section.3.4}{\376\377\000C\000o\000m\000p\000o\000s\000i\000t\000i\000o\000n}{chapter.3}% 28
\BOOKMARK [1][-]{section.3.5}{\376\377\000A\000d\000d\000i\000n\000g\000\040\000n\000e\000w\000\040\000f\000u\000n\000c\000t\000i\000o\000n\000s}{chapter.3}% 29
\BOOKMARK [1][-]{section.3.6}{\376\377\000D\000e\000f\000i\000n\000i\000t\000i\000o\000n\000s\000\040\000a\000n\000d\000\040\000u\000s\000e\000s}{chapter.3}% 30
\BOOKMARK [1][-]{section.3.7}{\376\377\000P\000r\000o\000g\000r\000a\000m\000s\000\040\000w\000i\000t\000h\000\040\000m\000u\000l\000t\000i\000p\000l\000e\000\040\000f\000u\000n\000c\000t\000i\000o\000n\000s}{chapter.3}% 31
\BOOKMARK [1][-]{section.3.8}{\376\377\000P\000a\000r\000a\000m\000e\000t\000e\000r\000s\000\040\000a\000n\000d\000\040\000a\000r\000g\000u\000m\000e\000n\000t\000s}{chapter.3}% 32
\BOOKMARK [1][-]{section.3.9}{\376\377\000P\000a\000r\000a\000m\000e\000t\000e\000r\000s\000\040\000a\000n\000d\000\040\000v\000a\000r\000i\000a\000b\000l\000e\000s\000\040\000a\000r\000e\000\040\000l\000o\000c\000a\000l}{chapter.3}% 33
\BOOKMARK [1][-]{section.3.10}{\376\377\000F\000u\000n\000c\000t\000i\000o\000n\000s\000\040\000w\000i\000t\000h\000\040\000m\000u\000l\000t\000i\000p\000l\000e\000\040\000p\000a\000r\000a\000m\000e\000t\000e\000r\000s}{chapter.3}% 34
\BOOKMARK [1][-]{section.3.11}{\376\377\000F\000u\000n\000c\000t\000i\000o\000n\000s\000\040\000w\000i\000t\000h\000\040\000r\000e\000s\000u\000l\000t\000s}{chapter.3}% 35
\BOOKMARK [1][-]{section.3.12}{\376\377\000G\000l\000o\000s\000s\000a\000r\000y}{chapter.3}% 36
\BOOKMARK [0][-]{chapter.4}{\376\377\000C\000o\000n\000d\000i\000t\000i\000o\000n\000a\000l\000s\000\040\000a\000n\000d\000\040\000r\000e\000c\000u\000r\000s\000i\000o\000n}{}% 37
\BOOKMARK [1][-]{section.4.1}{\376\377\000T\000h\000e\000\040\000m\000o\000d\000u\000l\000u\000s\000\040\000o\000p\000e\000r\000a\000t\000o\000r}{chapter.4}% 38
\BOOKMARK [1][-]{section.4.2}{\376\377\000C\000o\000n\000d\000i\000t\000i\000o\000n\000a\000l\000\040\000e\000x\000e\000c\000u\000t\000i\000o\000n}{chapter.4}% 39
\BOOKMARK [1][-]{section.4.3}{\376\377\000A\000l\000t\000e\000r\000n\000a\000t\000i\000v\000e\000\040\000e\000x\000e\000c\000u\000t\000i\000o\000n}{chapter.4}% 40
\BOOKMARK [1][-]{section.4.4}{\376\377\000C\000h\000a\000i\000n\000e\000d\000\040\000c\000o\000n\000d\000i\000t\000i\000o\000n\000a\000l\000s}{chapter.4}% 41
\BOOKMARK [1][-]{section.4.5}{\376\377\000N\000e\000s\000t\000e\000d\000\040\000c\000o\000n\000d\000i\000t\000i\000o\000n\000a\000l\000s}{chapter.4}% 42
\BOOKMARK [1][-]{section.4.6}{\376\377\000T\000h\000e\000\040\000r\000e\000t\000u\000r\000n\000\040\000s\000t\000a\000t\000e\000m\000e\000n\000t}{chapter.4}% 43
\BOOKMARK [1][-]{section.4.7}{\376\377\000R\000e\000c\000u\000r\000s\000i\000o\000n}{chapter.4}% 44
\BOOKMARK [1][-]{section.4.8}{\376\377\000I\000n\000f\000i\000n\000i\000t\000e\000\040\000r\000e\000c\000u\000r\000s\000i\000o\000n}{chapter.4}% 45
\BOOKMARK [1][-]{section.4.9}{\376\377\000S\000t\000a\000c\000k\000\040\000d\000i\000a\000g\000r\000a\000m\000s\000\040\000f\000o\000r\000\040\000r\000e\000c\000u\000r\000s\000i\000v\000e\000\040\000f\000u\000n\000c\000t\000i\000o\000n\000s}{chapter.4}% 46
\BOOKMARK [1][-]{section.4.10}{\376\377\000G\000l\000o\000s\000s\000a\000r\000y}{chapter.4}% 47
\BOOKMARK [0][-]{chapter.5}{\376\377\000F\000r\000u\000i\000t\000f\000u\000l\000\040\000f\000u\000n\000c\000t\000i\000o\000n\000s}{}% 48
\BOOKMARK [1][-]{section.5.1}{\376\377\000R\000e\000t\000u\000r\000n\000\040\000v\000a\000l\000u\000e\000s}{chapter.5}% 49
\BOOKMARK [1][-]{section.5.2}{\376\377\000P\000r\000o\000g\000r\000a\000m\000\040\000d\000e\000v\000e\000l\000o\000p\000m\000e\000n\000t}{chapter.5}% 50
\BOOKMARK [1][-]{section.5.3}{\376\377\000C\000o\000m\000p\000o\000s\000i\000t\000i\000o\000n}{chapter.5}% 51
\BOOKMARK [1][-]{section.5.4}{\376\377\000O\000v\000e\000r\000l\000o\000a\000d\000i\000n\000g}{chapter.5}% 52
\BOOKMARK [1][-]{section.5.5}{\376\377\000B\000o\000o\000l\000e\000a\000n\000\040\000v\000a\000l\000u\000e\000s}{chapter.5}% 53
\BOOKMARK [1][-]{section.5.6}{\376\377\000B\000o\000o\000l\000e\000a\000n\000\040\000v\000a\000r\000i\000a\000b\000l\000e\000s}{chapter.5}% 54
\BOOKMARK [1][-]{section.5.7}{\376\377\000L\000o\000g\000i\000c\000a\000l\000\040\000o\000p\000e\000r\000a\000t\000o\000r\000s}{chapter.5}% 55
\BOOKMARK [1][-]{section.5.8}{\376\377\000B\000o\000o\000l\000\040\000f\000u\000n\000c\000t\000i\000o\000n\000s}{chapter.5}% 56
\BOOKMARK [1][-]{section.5.9}{\376\377\000R\000e\000t\000u\000r\000n\000i\000n\000g\000\040\000f\000r\000o\000m\000\040\000m\000a\000i\000n}{chapter.5}% 57
\BOOKMARK [1][-]{section.5.10}{\376\377\000M\000o\000r\000e\000\040\000r\000e\000c\000u\000r\000s\000i\000o\000n}{chapter.5}% 58
\BOOKMARK [1][-]{section.5.11}{\376\377\000L\000e\000a\000p\000\040\000o\000f\000\040\000f\000a\000i\000t\000h}{chapter.5}% 59
\BOOKMARK [1][-]{section.5.12}{\376\377\000O\000n\000e\000\040\000m\000o\000r\000e\000\040\000e\000x\000a\000m\000p\000l\000e}{chapter.5}% 60
\BOOKMARK [1][-]{section.5.13}{\376\377\000G\000l\000o\000s\000s\000a\000r\000y}{chapter.5}% 61
\BOOKMARK [0][-]{chapter.6}{\376\377\000I\000t\000e\000r\000a\000t\000i\000o\000n}{}% 62
\BOOKMARK [1][-]{section.6.1}{\376\377\000M\000u\000l\000t\000i\000p\000l\000e\000\040\000a\000s\000s\000i\000g\000n\000m\000e\000n\000t}{chapter.6}% 63
\BOOKMARK [1][-]{section.6.2}{\376\377\000I\000t\000e\000r\000a\000t\000i\000o\000n}{chapter.6}% 64
\BOOKMARK [1][-]{section.6.3}{\376\377\000T\000h\000e\000\040\000w\000h\000i\000l\000e\000\040\000s\000t\000a\000t\000e\000m\000e\000n\000t}{chapter.6}% 65
\BOOKMARK [1][-]{section.6.4}{\376\377\000T\000a\000b\000l\000e\000s}{chapter.6}% 66
\BOOKMARK [1][-]{section.6.5}{\376\377\000T\000w\000o\000-\000d\000i\000m\000e\000n\000s\000i\000o\000n\000a\000l\000\040\000t\000a\000b\000l\000e\000s}{chapter.6}% 67
\BOOKMARK [1][-]{section.6.6}{\376\377\000E\000n\000c\000a\000p\000s\000u\000l\000a\000t\000i\000o\000n\000\040\000a\000n\000d\000\040\000g\000e\000n\000e\000r\000a\000l\000i\000z\000a\000t\000i\000o\000n}{chapter.6}% 68
\BOOKMARK [1][-]{section.6.7}{\376\377\000F\000u\000n\000c\000t\000i\000o\000n\000s}{chapter.6}% 69
\BOOKMARK [1][-]{section.6.8}{\376\377\000M\000o\000r\000e\000\040\000e\000n\000c\000a\000p\000s\000u\000l\000a\000t\000i\000o\000n}{chapter.6}% 70
\BOOKMARK [1][-]{section.6.9}{\376\377\000L\000o\000c\000a\000l\000\040\000v\000a\000r\000i\000a\000b\000l\000e\000s}{chapter.6}% 71
\BOOKMARK [1][-]{section.6.10}{\376\377\000M\000o\000r\000e\000\040\000g\000e\000n\000e\000r\000a\000l\000i\000z\000a\000t\000i\000o\000n}{chapter.6}% 72
\BOOKMARK [1][-]{section.6.11}{\376\377\000G\000l\000o\000s\000s\000a\000r\000y}{chapter.6}% 73
\BOOKMARK [0][-]{chapter.7}{\376\377\000S\000t\000r\000i\000n\000g\000s\000\040\000a\000n\000d\000\040\000t\000h\000i\000n\000g\000s}{}% 74
\BOOKMARK [1][-]{section.7.1}{\376\377\000C\000o\000n\000t\000a\000i\000n\000e\000r\000s\000\040\000f\000o\000r\000\040\000s\000t\000r\000i\000n\000g\000s}{chapter.7}% 75
\BOOKMARK [1][-]{section.7.2}{\376\377\000s\000t\000r\000i\000n\000g\000\040\000v\000a\000r\000i\000a\000b\000l\000e\000s}{chapter.7}% 76
\BOOKMARK [1][-]{section.7.3}{\376\377\000E\000x\000t\000r\000a\000c\000t\000i\000n\000g\000\040\000c\000h\000a\000r\000a\000c\000t\000e\000r\000s\000\040\000f\000r\000o\000m\000\040\000a\000\040\000s\000t\000r\000i\000n\000g}{chapter.7}% 77
\BOOKMARK [1][-]{section.7.4}{\376\377\000L\000e\000n\000g\000t\000h}{chapter.7}% 78
\BOOKMARK [1][-]{section.7.5}{\376\377\000T\000r\000a\000v\000e\000r\000s\000a\000l}{chapter.7}% 79
\BOOKMARK [1][-]{section.7.6}{\376\377\000A\000\040\000r\000u\000n\000-\000t\000i\000m\000e\000\040\000e\000r\000r\000o\000r}{chapter.7}% 80
\BOOKMARK [1][-]{section.7.7}{\376\377\000T\000h\000e\000\040\000f\000i\000n\000d\000\040\000f\000u\000n\000c\000t\000i\000o\000n}{chapter.7}% 81
\BOOKMARK [1][-]{section.7.8}{\376\377\000O\000u\000r\000\040\000o\000w\000n\000\040\000v\000e\000r\000s\000i\000o\000n\000\040\000o\000f\000\040\000f\000i\000n\000d}{chapter.7}% 82
\BOOKMARK [1][-]{section.7.9}{\376\377\000L\000o\000o\000p\000i\000n\000g\000\040\000a\000n\000d\000\040\000c\000o\000u\000n\000t\000i\000n\000g}{chapter.7}% 83
\BOOKMARK [1][-]{section.7.10}{\376\377\000I\000n\000c\000r\000e\000m\000e\000n\000t\000\040\000a\000n\000d\000\040\000d\000e\000c\000r\000e\000m\000e\000n\000t\000\040\000o\000p\000e\000r\000a\000t\000o\000r\000s}{chapter.7}% 84
\BOOKMARK [1][-]{section.7.11}{\376\377\000S\000t\000r\000i\000n\000g\000\040\000c\000o\000n\000c\000a\000t\000e\000n\000a\000t\000i\000o\000n}{chapter.7}% 85
\BOOKMARK [1][-]{section.7.12}{\376\377\000s\000t\000r\000i\000n\000g\000s\000\040\000a\000r\000e\000\040\000m\000u\000t\000a\000b\000l\000e}{chapter.7}% 86
\BOOKMARK [1][-]{section.7.13}{\376\377\000s\000t\000r\000i\000n\000g\000s\000\040\000a\000r\000e\000\040\000c\000o\000m\000p\000a\000r\000a\000b\000l\000e}{chapter.7}% 87
\BOOKMARK [1][-]{section.7.14}{\376\377\000C\000h\000a\000r\000a\000c\000t\000e\000r\000\040\000c\000l\000a\000s\000s\000i\000f\000i\000c\000a\000t\000i\000o\000n}{chapter.7}% 88
\BOOKMARK [1][-]{section.7.15}{\376\377\000O\000t\000h\000e\000r\000\040\000s\000t\000r\000i\000n\000g\000\040\000f\000u\000n\000c\000t\000i\000o\000n\000s}{chapter.7}% 89
\BOOKMARK [1][-]{section.7.16}{\376\377\000O\000t\000h\000e\000r\000\040\000A\000r\000r\000a\000y\000s}{chapter.7}% 90
\BOOKMARK [1][-]{section.7.17}{\376\377\000G\000l\000o\000s\000s\000a\000r\000y}{chapter.7}% 91
\BOOKMARK [0][-]{chapter.8}{\376\377\000V\000e\000c\000t\000o\000r\000s}{}% 92
\BOOKMARK [1][-]{section.8.1}{\376\377\000A\000c\000c\000e\000s\000s\000i\000n\000g\000\040\000e\000l\000e\000m\000e\000n\000t\000s}{chapter.8}% 93
\BOOKMARK [1][-]{section.8.2}{\376\377\000C\000o\000p\000y\000i\000n\000g\000\040\000v\000e\000c\000t\000o\000r\000s}{chapter.8}% 94
\BOOKMARK [1][-]{section.8.3}{\376\377\000f\000o\000r\000\040\000l\000o\000o\000p\000s}{chapter.8}% 95
\BOOKMARK [1][-]{section.8.4}{\376\377\000V\000e\000c\000t\000o\000r\000\040\000s\000i\000z\000e}{chapter.8}% 96
\BOOKMARK [1][-]{section.8.5}{\376\377\000V\000e\000c\000t\000o\000r\000\040\000f\000u\000n\000c\000t\000i\000o\000n\000s}{chapter.8}% 97
\BOOKMARK [1][-]{section.8.6}{\376\377\000R\000a\000n\000d\000o\000m\000\040\000n\000u\000m\000b\000e\000r\000s}{chapter.8}% 98
\BOOKMARK [1][-]{section.8.7}{\376\377\000S\000t\000a\000t\000i\000s\000t\000i\000c\000s}{chapter.8}% 99
\BOOKMARK [1][-]{section.8.8}{\376\377\000V\000e\000c\000t\000o\000r\000\040\000o\000f\000\040\000r\000a\000n\000d\000o\000m\000\040\000n\000u\000m\000b\000e\000r\000s}{chapter.8}% 100
\BOOKMARK [1][-]{section.8.9}{\376\377\000C\000o\000u\000n\000t\000i\000n\000g}{chapter.8}% 101
\BOOKMARK [1][-]{section.8.10}{\376\377\000C\000h\000e\000c\000k\000i\000n\000g\000\040\000t\000h\000e\000\040\000o\000t\000h\000e\000r\000\040\000v\000a\000l\000u\000e\000s}{chapter.8}% 102
\BOOKMARK [1][-]{section.8.11}{\376\377\000A\000\040\000h\000i\000s\000t\000o\000g\000r\000a\000m}{chapter.8}% 103
\BOOKMARK [1][-]{section.8.12}{\376\377\000A\000\040\000s\000i\000n\000g\000l\000e\000-\000p\000a\000s\000s\000\040\000s\000o\000l\000u\000t\000i\000o\000n}{chapter.8}% 104
\BOOKMARK [1][-]{section.8.13}{\376\377\000R\000a\000n\000d\000o\000m\000\040\000s\000e\000e\000d\000s}{chapter.8}% 105
\BOOKMARK [1][-]{section.8.14}{\376\377\000G\000l\000o\000s\000s\000a\000r\000y}{chapter.8}% 106
\BOOKMARK [0][-]{chapter.9}{\376\377\000S\000t\000r\000u\000c\000t\000u\000r\000e\000s}{}% 107
\BOOKMARK [1][-]{section.9.1}{\376\377\000C\000o\000m\000p\000o\000u\000n\000d\000\040\000v\000a\000l\000u\000e\000s}{chapter.9}% 108
\BOOKMARK [1][-]{section.9.2}{\376\377\000P\000o\000i\000n\000t\000\040\000o\000b\000j\000e\000c\000t\000s}{chapter.9}% 109
\BOOKMARK [1][-]{section.9.3}{\376\377\000A\000c\000c\000e\000s\000s\000i\000n\000g\000\040\000i\000n\000s\000t\000a\000n\000c\000e\000\040\000v\000a\000r\000i\000a\000b\000l\000e\000s}{chapter.9}% 110
\BOOKMARK [1][-]{section.9.4}{\376\377\000O\000p\000e\000r\000a\000t\000i\000o\000n\000s\000\040\000o\000n\000\040\000s\000t\000r\000u\000c\000t\000u\000r\000e\000s}{chapter.9}% 111
\BOOKMARK [1][-]{section.9.5}{\376\377\000S\000t\000r\000u\000c\000t\000u\000r\000e\000s\000\040\000a\000s\000\040\000p\000a\000r\000a\000m\000e\000t\000e\000r\000s}{chapter.9}% 112
\BOOKMARK [1][-]{section.9.6}{\376\377\000C\000a\000l\000l\000\040\000b\000y\000\040\000v\000a\000l\000u\000e}{chapter.9}% 113
\BOOKMARK [1][-]{section.9.7}{\376\377\000C\000a\000l\000l\000\040\000b\000y\000\040\000r\000e\000f\000e\000r\000e\000n\000c\000e}{chapter.9}% 114
\BOOKMARK [1][-]{section.9.8}{\376\377\000R\000e\000c\000t\000a\000n\000g\000l\000e\000s}{chapter.9}% 115
\BOOKMARK [1][-]{section.9.9}{\376\377\000S\000t\000r\000u\000c\000t\000u\000r\000e\000s\000\040\000a\000s\000\040\000r\000e\000t\000u\000r\000n\000\040\000t\000y\000p\000e\000s}{chapter.9}% 116
\BOOKMARK [1][-]{section.9.10}{\376\377\000P\000a\000s\000s\000i\000n\000g\000\040\000o\000t\000h\000e\000r\000\040\000t\000y\000p\000e\000s\000\040\000b\000y\000\040\000r\000e\000f\000e\000r\000e\000n\000c\000e}{chapter.9}% 117
\BOOKMARK [1][-]{section.9.11}{\376\377\000G\000e\000t\000t\000i\000n\000g\000\040\000u\000s\000e\000r\000\040\000i\000n\000p\000u\000t}{chapter.9}% 118
\BOOKMARK [1][-]{section.9.12}{\376\377\000G\000l\000o\000s\000s\000a\000r\000y}{chapter.9}% 119
\BOOKMARK [0][-]{chapter.10}{\376\377\000F\000i\000l\000e\000\040\000I\000n\000p\000u\000t\000/\000O\000u\000t\000p\000u\000t\000\040\000a\000n\000d\000\040\0002\000D\000\040\000A\000r\000r\000a\000y\000s}{}% 120
\BOOKMARK [1][-]{section.10.1}{\376\377\000S\000t\000r\000e\000a\000m\000s}{chapter.10}% 121
\BOOKMARK [1][-]{section.10.2}{\376\377\000F\000i\000l\000e\000\040\000i\000n\000p\000u\000t}{chapter.10}% 122
\BOOKMARK [1][-]{section.10.3}{\376\377\000F\000i\000l\000e\000\040\000o\000u\000t\000p\000u\000t}{chapter.10}% 123
\BOOKMARK [1][-]{section.10.4}{\376\377\000P\000a\000r\000s\000i\000n\000g\000\040\000i\000n\000p\000u\000t}{chapter.10}% 124
\BOOKMARK [1][-]{section.10.5}{\376\377\000P\000a\000r\000s\000i\000n\000g\000\040\000n\000u\000m\000b\000e\000r\000s}{chapter.10}% 125
\BOOKMARK [1][-]{section.10.6}{\376\377\000m\000a\000t\000r\000i\000x}{chapter.10}% 126
\BOOKMARK [1][-]{section.10.7}{\376\377\000A\000\040\000d\000i\000s\000t\000a\000n\000c\000e\000\040\000m\000a\000t\000r\000i\000x}{chapter.10}% 127
\BOOKMARK [1][-]{section.10.8}{\376\377\000A\000\040\000p\000r\000o\000p\000e\000r\000\040\000d\000i\000s\000t\000a\000n\000c\000e\000\040\000m\000a\000t\000r\000i\000x}{chapter.10}% 128
\BOOKMARK [1][-]{section.10.9}{\376\377\000A\000n\000o\000t\000h\000e\000r\000\040\000t\000y\000p\000e\000\040\000o\000f\000\040\000S\000t\000r\000e\000a\000m}{chapter.10}% 129
\BOOKMARK [1][-]{section.10.10}{\376\377\000G\000l\000o\000s\000s\000a\000r\000y}{chapter.10}% 130
\BOOKMARK [0][-]{chapter.11}{\376\377\000M\000o\000r\000e\000\040\000s\000t\000r\000u\000c\000t\000u\000r\000e\000s}{}% 131
\BOOKMARK [1][-]{section.11.1}{\376\377\000T\000i\000m\000e}{chapter.11}% 132
\BOOKMARK [1][-]{section.11.2}{\376\377\000p\000r\000i\000n\000t\000T\000i\000m\000e}{chapter.11}% 133
\BOOKMARK [1][-]{section.11.3}{\376\377\000F\000u\000n\000c\000t\000i\000o\000n\000s\000\040\000f\000o\000r\000\040\000o\000b\000j\000e\000c\000t\000s}{chapter.11}% 134
\BOOKMARK [1][-]{section.11.4}{\376\377\000P\000u\000r\000e\000\040\000f\000u\000n\000c\000t\000i\000o\000n\000s}{chapter.11}% 135
\BOOKMARK [1][-]{section.11.5}{\376\377\000c\000o\000n\000s\000t\000\040\000p\000a\000r\000a\000m\000e\000t\000e\000r\000s}{chapter.11}% 136
\BOOKMARK [1][-]{section.11.6}{\376\377\000M\000o\000d\000i\000f\000i\000e\000r\000s}{chapter.11}% 137
\BOOKMARK [1][-]{section.11.7}{\376\377\000F\000i\000l\000l\000-\000i\000n\000\040\000f\000u\000n\000c\000t\000i\000o\000n\000s}{chapter.11}% 138
\BOOKMARK [1][-]{section.11.8}{\376\377\000W\000h\000i\000c\000h\000\040\000i\000s\000\040\000b\000e\000s\000t\000?}{chapter.11}% 139
\BOOKMARK [1][-]{section.11.9}{\376\377\000I\000n\000c\000r\000e\000m\000e\000n\000t\000a\000l\000\040\000d\000e\000v\000e\000l\000o\000p\000m\000e\000n\000t\000\040\000v\000e\000r\000s\000u\000s\000\040\000p\000l\000a\000n\000n\000i\000n\000g}{chapter.11}% 140
\BOOKMARK [1][-]{section.11.10}{\376\377\000G\000e\000n\000e\000r\000a\000l\000i\000z\000a\000t\000i\000o\000n}{chapter.11}% 141
\BOOKMARK [1][-]{section.11.11}{\376\377\000A\000l\000g\000o\000r\000i\000t\000h\000m\000s}{chapter.11}% 142
\BOOKMARK [1][-]{section.11.12}{\376\377\000G\000l\000o\000s\000s\000a\000r\000y}{chapter.11}% 143
\BOOKMARK [0][-]{chapter.12}{\376\377\000M\000e\000m\000b\000e\000r\000\040\000f\000u\000n\000c\000t\000i\000o\000n\000s}{}% 144
\BOOKMARK [1][-]{section.12.1}{\376\377\000O\000b\000j\000e\000c\000t\000s\000\040\000a\000n\000d\000\040\000f\000u\000n\000c\000t\000i\000o\000n\000s}{chapter.12}% 145
\BOOKMARK [1][-]{section.12.2}{\376\377\000p\000r\000i\000n\000t}{chapter.12}% 146
\BOOKMARK [1][-]{section.12.3}{\376\377\000I\000m\000p\000l\000i\000c\000i\000t\000\040\000v\000a\000r\000i\000a\000b\000l\000e\000\040\000a\000c\000c\000e\000s\000s}{chapter.12}% 147
\BOOKMARK [1][-]{section.12.4}{\376\377\000A\000n\000o\000t\000h\000e\000r\000\040\000e\000x\000a\000m\000p\000l\000e}{chapter.12}% 148
\BOOKMARK [1][-]{section.12.5}{\376\377\000Y\000e\000t\000\040\000a\000n\000o\000t\000h\000e\000r\000\040\000e\000x\000a\000m\000p\000l\000e}{chapter.12}% 149
\BOOKMARK [1][-]{section.12.6}{\376\377\000A\000\040\000m\000o\000r\000e\000\040\000c\000o\000m\000p\000l\000i\000c\000a\000t\000e\000d\000\040\000e\000x\000a\000m\000p\000l\000e}{chapter.12}% 150
\BOOKMARK [1][-]{section.12.7}{\376\377\000C\000o\000n\000s\000t\000r\000u\000c\000t\000o\000r\000s}{chapter.12}% 151
\BOOKMARK [1][-]{section.12.8}{\376\377\000I\000n\000i\000t\000i\000a\000l\000i\000z\000e\000\040\000o\000r\000\040\000c\000o\000n\000s\000t\000r\000u\000c\000t\000?}{chapter.12}% 152
\BOOKMARK [1][-]{section.12.9}{\376\377\000O\000n\000e\000\040\000l\000a\000s\000t\000\040\000e\000x\000a\000m\000p\000l\000e}{chapter.12}% 153
\BOOKMARK [1][-]{section.12.10}{\376\377\000H\000e\000a\000d\000e\000r\000\040\000f\000i\000l\000e\000s}{chapter.12}% 154
\BOOKMARK [1][-]{section.12.11}{\376\377\000G\000l\000o\000s\000s\000a\000r\000y}{chapter.12}% 155
\BOOKMARK [0][-]{chapter.13}{\376\377\000V\000e\000c\000t\000o\000r\000s\000\040\000o\000f\000\040\000O\000b\000j\000e\000c\000t\000s}{}% 156
\BOOKMARK [1][-]{section.13.1}{\376\377\000C\000o\000m\000p\000o\000s\000i\000t\000i\000o\000n}{chapter.13}% 157
\BOOKMARK [1][-]{section.13.2}{\376\377\000C\000a\000r\000d\000\040\000o\000b\000j\000e\000c\000t\000s}{chapter.13}% 158
\BOOKMARK [1][-]{section.13.3}{\376\377\000T\000h\000e\000\040\000p\000r\000i\000n\000t\000C\000a\000r\000d\000\040\000f\000u\000n\000c\000t\000i\000o\000n}{chapter.13}% 159
\BOOKMARK [1][-]{section.13.4}{\376\377\000T\000h\000e\000\040\000e\000q\000u\000a\000l\000s\000\040\000f\000u\000n\000c\000t\000i\000o\000n}{chapter.13}% 160
\BOOKMARK [1][-]{section.13.5}{\376\377\000T\000h\000e\000\040\000i\000s\000G\000r\000e\000a\000t\000e\000r\000\040\000f\000u\000n\000c\000t\000i\000o\000n}{chapter.13}% 161
\BOOKMARK [1][-]{section.13.6}{\376\377\000V\000e\000c\000t\000o\000r\000s\000\040\000o\000f\000\040\000c\000a\000r\000d\000s}{chapter.13}% 162
\BOOKMARK [1][-]{section.13.7}{\376\377\000T\000h\000e\000\040\000p\000r\000i\000n\000t\000D\000e\000c\000k\000\040\000f\000u\000n\000c\000t\000i\000o\000n}{chapter.13}% 163
\BOOKMARK [1][-]{section.13.8}{\376\377\000S\000e\000a\000r\000c\000h\000i\000n\000g}{chapter.13}% 164
\BOOKMARK [1][-]{section.13.9}{\376\377\000B\000i\000n\000a\000r\000y\000\040\000s\000e\000a\000r\000c\000h}{chapter.13}% 165
\BOOKMARK [1][-]{section.13.10}{\376\377\000D\000e\000c\000k\000s\000\040\000a\000n\000d\000\040\000s\000u\000b\000d\000e\000c\000k\000s}{chapter.13}% 166
\BOOKMARK [1][-]{section.13.11}{\376\377\000G\000l\000o\000s\000s\000a\000r\000y}{chapter.13}% 167
\BOOKMARK [0][-]{chapter.14}{\376\377\000O\000b\000j\000e\000c\000t\000s\000\040\000o\000f\000\040\000V\000e\000c\000t\000o\000r\000s}{}% 168
\BOOKMARK [1][-]{section.14.1}{\376\377\000E\000n\000u\000m\000e\000r\000a\000t\000e\000d\000\040\000t\000y\000p\000e\000s}{chapter.14}% 169
\BOOKMARK [1][-]{section.14.2}{\376\377\000s\000w\000i\000t\000c\000h\000\040\000s\000t\000a\000t\000e\000m\000e\000n\000t}{chapter.14}% 170
\BOOKMARK [1][-]{section.14.3}{\376\377\000D\000e\000c\000k\000s}{chapter.14}% 171
\BOOKMARK [1][-]{section.14.4}{\376\377\000A\000n\000o\000t\000h\000e\000r\000\040\000c\000o\000n\000s\000t\000r\000u\000c\000t\000o\000r}{chapter.14}% 172
\BOOKMARK [1][-]{section.14.5}{\376\377\000D\000e\000c\000k\000\040\000m\000e\000m\000b\000e\000r\000\040\000f\000u\000n\000c\000t\000i\000o\000n\000s}{chapter.14}% 173
\BOOKMARK [1][-]{section.14.6}{\376\377\000S\000h\000u\000f\000f\000l\000i\000n\000g}{chapter.14}% 174
\BOOKMARK [1][-]{section.14.7}{\376\377\000S\000o\000r\000t\000i\000n\000g}{chapter.14}% 175
\BOOKMARK [1][-]{section.14.8}{\376\377\000S\000u\000b\000d\000e\000c\000k\000s}{chapter.14}% 176
\BOOKMARK [1][-]{section.14.9}{\376\377\000S\000h\000u\000f\000f\000l\000i\000n\000g\000\040\000a\000n\000d\000\040\000d\000e\000a\000l\000i\000n\000g}{chapter.14}% 177
\BOOKMARK [1][-]{section.14.10}{\376\377\000M\000e\000r\000g\000e\000s\000o\000r\000t}{chapter.14}% 178
\BOOKMARK [1][-]{section.14.11}{\376\377\000G\000l\000o\000s\000s\000a\000r\000y}{chapter.14}% 179
\BOOKMARK [0][-]{chapter.15}{\376\377\000C\000l\000a\000s\000s\000e\000s\000\040\000a\000n\000d\000\040\000i\000n\000v\000a\000r\000i\000a\000n\000t\000s}{}% 180
\BOOKMARK [1][-]{section.15.1}{\376\377\000P\000r\000i\000v\000a\000t\000e\000\040\000d\000a\000t\000a\000\040\000a\000n\000d\000\040\000c\000l\000a\000s\000s\000e\000s}{chapter.15}% 181
\BOOKMARK [1][-]{section.15.2}{\376\377\000W\000h\000a\000t\000\040\000i\000s\000\040\000a\000\040\000c\000l\000a\000s\000s\000?}{chapter.15}% 182
\BOOKMARK [1][-]{section.15.3}{\376\377\000C\000o\000m\000p\000l\000e\000x\000\040\000n\000u\000m\000b\000e\000r\000s}{chapter.15}% 183
\BOOKMARK [1][-]{section.15.4}{\376\377\000A\000c\000c\000e\000s\000s\000o\000r\000\040\000f\000u\000n\000c\000t\000i\000o\000n\000s}{chapter.15}% 184
\BOOKMARK [1][-]{section.15.5}{\376\377\000O\000u\000t\000p\000u\000t}{chapter.15}% 185
\BOOKMARK [1][-]{section.15.6}{\376\377\000A\000\040\000f\000u\000n\000c\000t\000i\000o\000n\000\040\000o\000n\000\040\000C\000o\000m\000p\000l\000e\000x\000\040\000n\000u\000m\000b\000e\000r\000s}{chapter.15}% 186
\BOOKMARK [1][-]{section.15.7}{\376\377\000A\000n\000o\000t\000h\000e\000r\000\040\000f\000u\000n\000c\000t\000i\000o\000n\000\040\000o\000n\000\040\000C\000o\000m\000p\000l\000e\000x\000\040\000n\000u\000m\000b\000e\000r\000s}{chapter.15}% 187
\BOOKMARK [1][-]{section.15.8}{\376\377\000I\000n\000v\000a\000r\000i\000a\000n\000t\000s}{chapter.15}% 188
\BOOKMARK [1][-]{section.15.9}{\376\377\000P\000r\000e\000c\000o\000n\000d\000i\000t\000i\000o\000n\000s}{chapter.15}% 189
\BOOKMARK [1][-]{section.15.10}{\376\377\000P\000r\000i\000v\000a\000t\000e\000\040\000f\000u\000n\000c\000t\000i\000o\000n\000s}{chapter.15}% 190
\BOOKMARK [1][-]{section.15.11}{\376\377\000G\000l\000o\000s\000s\000a\000r\000y}{chapter.15}% 191
